13-Oct-2022 12:19:40.003 INFO [main] org.apache.catalina.startup.VersionLoggerListener.log Server version name:   Apache Tomcat/9.0.68
13-Oct-2022 12:19:40.005 INFO [main] org.apache.catalina.startup.VersionLoggerListener.log Server built:          Oct 3 2022 19:06:10 UTC
13-Oct-2022 12:19:40.006 INFO [main] org.apache.catalina.startup.VersionLoggerListener.log Server version number: 9.0.68.0
13-Oct-2022 12:19:40.006 INFO [main] org.apache.catalina.startup.VersionLoggerListener.log OS Name:               Linux
13-Oct-2022 12:19:40.006 INFO [main] org.apache.catalina.startup.VersionLoggerListener.log OS Version:            5.15.0-50-generic
13-Oct-2022 12:19:40.006 INFO [main] org.apache.catalina.startup.VersionLoggerListener.log Architecture:          amd64
13-Oct-2022 12:19:40.006 INFO [main] org.apache.catalina.startup.VersionLoggerListener.log Java Home:             /usr/lib/jvm/java-17-openjdk-amd64
13-Oct-2022 12:19:40.006 INFO [main] org.apache.catalina.startup.VersionLoggerListener.log JVM Version:           17.0.4+8-Ubuntu-122.04
13-Oct-2022 12:19:40.006 INFO [main] org.apache.catalina.startup.VersionLoggerListener.log JVM Vendor:            Private Build
13-Oct-2022 12:19:40.006 INFO [main] org.apache.catalina.startup.VersionLoggerListener.log CATALINA_BASE:         /home/pedrocoelho5/Desktop/Universidade/IES/IES_104247/lab2/apache-tomcat-9.0.68
13-Oct-2022 12:19:40.006 INFO [main] org.apache.catalina.startup.VersionLoggerListener.log CATALINA_HOME:         /home/pedrocoelho5/Desktop/Universidade/IES/IES_104247/lab2/apache-tomcat-9.0.68
13-Oct-2022 12:19:40.015 INFO [main] org.apache.catalina.startup.VersionLoggerListener.log Command line argument: --add-opens=java.base/java.lang=ALL-UNNAMED
13-Oct-2022 12:19:40.015 INFO [main] org.apache.catalina.startup.VersionLoggerListener.log Command line argument: --add-opens=java.base/java.io=ALL-UNNAMED
13-Oct-2022 12:19:40.015 INFO [main] org.apache.catalina.startup.VersionLoggerListener.log Command line argument: --add-opens=java.base/java.util=ALL-UNNAMED
13-Oct-2022 12:19:40.015 INFO [main] org.apache.catalina.startup.VersionLoggerListener.log Command line argument: --add-opens=java.base/java.util.concurrent=ALL-UNNAMED
13-Oct-2022 12:19:40.015 INFO [main] org.apache.catalina.startup.VersionLoggerListener.log Command line argument: --add-opens=java.rmi/sun.rmi.transport=ALL-UNNAMED
13-Oct-2022 12:19:40.015 INFO [main] org.apache.catalina.startup.VersionLoggerListener.log Command line argument: -Djava.util.logging.config.file=/home/pedrocoelho5/Desktop/Universidade/IES/IES_104247/lab2/apache-tomcat-9.0.68/conf/logging.properties
13-Oct-2022 12:19:40.015 INFO [main] org.apache.catalina.startup.VersionLoggerListener.log Command line argument: -Djava.util.logging.manager=org.apache.juli.ClassLoaderLogManager
13-Oct-2022 12:19:40.016 INFO [main] org.apache.catalina.startup.VersionLoggerListener.log Command line argument: -Djdk.tls.ephemeralDHKeySize=2048
13-Oct-2022 12:19:40.016 INFO [main] org.apache.catalina.startup.VersionLoggerListener.log Command line argument: -Djava.protocol.handler.pkgs=org.apache.catalina.webresources
13-Oct-2022 12:19:40.016 INFO [main] org.apache.catalina.startup.VersionLoggerListener.log Command line argument: -Dorg.apache.catalina.security.SecurityListener.UMASK=0027
13-Oct-2022 12:19:40.016 INFO [main] org.apache.catalina.startup.VersionLoggerListener.log Command line argument: -Dignore.endorsed.dirs=
13-Oct-2022 12:19:40.016 INFO [main] org.apache.catalina.startup.VersionLoggerListener.log Command line argument: -Dcatalina.base=/home/pedrocoelho5/Desktop/Universidade/IES/IES_104247/lab2/apache-tomcat-9.0.68
13-Oct-2022 12:19:40.016 INFO [main] org.apache.catalina.startup.VersionLoggerListener.log Command line argument: -Dcatalina.home=/home/pedrocoelho5/Desktop/Universidade/IES/IES_104247/lab2/apache-tomcat-9.0.68
13-Oct-2022 12:19:40.016 INFO [main] org.apache.catalina.startup.VersionLoggerListener.log Command line argument: -Djava.io.tmpdir=/home/pedrocoelho5/Desktop/Universidade/IES/IES_104247/lab2/apache-tomcat-9.0.68/temp
13-Oct-2022 12:19:40.017 INFO [main] org.apache.catalina.core.AprLifecycleListener.lifecycleEvent The Apache Tomcat Native library which allows using OpenSSL was not found on the java.library.path: [/usr/java/packages/lib:/usr/lib/x86_64-linux-gnu/jni:/lib/x86_64-linux-gnu:/usr/lib/x86_64-linux-gnu:/usr/lib/jni:/lib:/usr/lib]
13-Oct-2022 12:19:40.189 INFO [main] org.apache.coyote.AbstractProtocol.init Initializing ProtocolHandler ["http-nio-8080"]
13-Oct-2022 12:19:40.203 INFO [main] org.apache.catalina.startup.Catalina.load Server initialization in [316] milliseconds
13-Oct-2022 12:19:40.227 INFO [main] org.apache.catalina.core.StandardService.startInternal Starting service [Catalina]
13-Oct-2022 12:19:40.227 INFO [main] org.apache.catalina.core.StandardEngine.startInternal Starting Servlet engine: [Apache Tomcat/9.0.68]
13-Oct-2022 12:19:40.231 INFO [main] org.apache.catalina.startup.HostConfig.deployDirectory Deploying web application directory [/home/pedrocoelho5/Desktop/Universidade/IES/IES_104247/lab2/apache-tomcat-9.0.68/webapps/host-manager]
13-Oct-2022 12:19:40.402 INFO [main] org.apache.catalina.startup.HostConfig.deployDirectory Deployment of web application directory [/home/pedrocoelho5/Desktop/Universidade/IES/IES_104247/lab2/apache-tomcat-9.0.68/webapps/host-manager] has finished in [171] ms
13-Oct-2022 12:19:40.402 INFO [main] org.apache.catalina.startup.HostConfig.deployDirectory Deploying web application directory [/home/pedrocoelho5/Desktop/Universidade/IES/IES_104247/lab2/apache-tomcat-9.0.68/webapps/docs]
13-Oct-2022 12:19:40.417 INFO [main] org.apache.catalina.startup.HostConfig.deployDirectory Deployment of web application directory [/home/pedrocoelho5/Desktop/Universidade/IES/IES_104247/lab2/apache-tomcat-9.0.68/webapps/docs] has finished in [15] ms
13-Oct-2022 12:19:40.417 INFO [main] org.apache.catalina.startup.HostConfig.deployDirectory Deploying web application directory [/home/pedrocoelho5/Desktop/Universidade/IES/IES_104247/lab2/apache-tomcat-9.0.68/webapps/manager]
13-Oct-2022 12:19:40.437 INFO [main] org.apache.catalina.startup.HostConfig.deployDirectory Deployment of web application directory [/home/pedrocoelho5/Desktop/Universidade/IES/IES_104247/lab2/apache-tomcat-9.0.68/webapps/manager] has finished in [20] ms
13-Oct-2022 12:19:40.437 INFO [main] org.apache.catalina.startup.HostConfig.deployDirectory Deploying web application directory [/home/pedrocoelho5/Desktop/Universidade/IES/IES_104247/lab2/apache-tomcat-9.0.68/webapps/ROOT]
13-Oct-2022 12:19:40.452 INFO [main] org.apache.catalina.startup.HostConfig.deployDirectory Deployment of web application directory [/home/pedrocoelho5/Desktop/Universidade/IES/IES_104247/lab2/apache-tomcat-9.0.68/webapps/ROOT] has finished in [15] ms
13-Oct-2022 12:19:40.452 INFO [main] org.apache.catalina.startup.HostConfig.deployDirectory Deploying web application directory [/home/pedrocoelho5/Desktop/Universidade/IES/IES_104247/lab2/apache-tomcat-9.0.68/webapps/examples]
13-Oct-2022 12:19:40.590 INFO [main] org.apache.catalina.startup.HostConfig.deployDirectory Deployment of web application directory [/home/pedrocoelho5/Desktop/Universidade/IES/IES_104247/lab2/apache-tomcat-9.0.68/webapps/examples] has finished in [138] ms
13-Oct-2022 12:19:40.591 INFO [main] org.apache.coyote.AbstractProtocol.start Starting ProtocolHandler ["http-nio-8080"]
13-Oct-2022 12:19:40.598 INFO [main] org.apache.catalina.startup.Catalina.start Server startup in [394] milliseconds
13-Oct-2022 12:20:37.980 INFO [http-nio-8080-exec-7] org.apache.catalina.startup.HostConfig.deployWAR Deploying web application archive [/home/pedrocoelho5/Desktop/Universidade/IES/IES_104247/lab2/apache-tomcat-9.0.68/webapps/my-app-1.0-SNAPSHOT.war]
13-Oct-2022 12:20:38.005 INFO [http-nio-8080-exec-7] org.apache.catalina.startup.HostConfig.deployWAR Deployment of web application archive [/home/pedrocoelho5/Desktop/Universidade/IES/IES_104247/lab2/apache-tomcat-9.0.68/webapps/my-app-1.0-SNAPSHOT.war] has finished in [25] ms
13-Oct-2022 12:40:42.303 INFO [http-nio-8080-exec-6] org.apache.catalina.startup.HostConfig.undeploy Undeploying context [/my-app-1.0-SNAPSHOT]
13-Oct-2022 12:41:13.381 INFO [http-nio-8080-exec-2] org.apache.catalina.startup.HostConfig.deployWAR Deploying web application archive [/home/pedrocoelho5/Desktop/Universidade/IES/IES_104247/lab2/apache-tomcat-9.0.68/webapps/my-app-1.0-SNAPSHOT.war]
13-Oct-2022 12:41:13.406 INFO [http-nio-8080-exec-2] org.apache.catalina.startup.HostConfig.deployWAR Deployment of web application archive [/home/pedrocoelho5/Desktop/Universidade/IES/IES_104247/lab2/apache-tomcat-9.0.68/webapps/my-app-1.0-SNAPSHOT.war] has finished in [25] ms
13-Oct-2022 12:44:16.661 INFO [http-nio-8080-exec-18] org.apache.catalina.startup.HostConfig.undeploy Undeploying context [/my-app-1.0-SNAPSHOT]
13-Oct-2022 12:44:38.153 INFO [http-nio-8080-exec-13] org.apache.catalina.startup.HostConfig.deployWAR Deploying web application archive [/home/pedrocoelho5/Desktop/Universidade/IES/IES_104247/lab2/apache-tomcat-9.0.68/webapps/my-app-1.0-SNAPSHOT.war]
13-Oct-2022 12:44:38.189 INFO [http-nio-8080-exec-13] org.apache.catalina.startup.HostConfig.deployWAR Deployment of web application archive [/home/pedrocoelho5/Desktop/Universidade/IES/IES_104247/lab2/apache-tomcat-9.0.68/webapps/my-app-1.0-SNAPSHOT.war] has finished in [35] ms
13-Oct-2022 12:57:35.717 INFO [http-nio-8080-exec-26] org.apache.catalina.startup.HostConfig.undeploy Undeploying context [/my-app-1.0-SNAPSHOT]
13-Oct-2022 12:57:47.607 INFO [http-nio-8080-exec-25] org.apache.catalina.startup.HostConfig.deployWAR Deploying web application archive [/home/pedrocoelho5/Desktop/Universidade/IES/IES_104247/lab2/apache-tomcat-9.0.68/webapps/my-app-1.0-SNAPSHOT.war]
13-Oct-2022 12:57:47.635 INFO [http-nio-8080-exec-25] org.apache.catalina.startup.HostConfig.deployWAR Deployment of web application archive [/home/pedrocoelho5/Desktop/Universidade/IES/IES_104247/lab2/apache-tomcat-9.0.68/webapps/my-app-1.0-SNAPSHOT.war] has finished in [29] ms
13-Oct-2022 13:04:25.222 INFO [http-nio-8080-exec-36] org.apache.catalina.startup.HostConfig.undeploy Undeploying context [/my-app-1.0-SNAPSHOT]
13-Oct-2022 13:04:36.396 INFO [http-nio-8080-exec-33] org.apache.catalina.startup.HostConfig.deployWAR Deploying web application archive [/home/pedrocoelho5/Desktop/Universidade/IES/IES_104247/lab2/apache-tomcat-9.0.68/webapps/my-app-1.0-SNAPSHOT.war]
13-Oct-2022 13:04:36.407 INFO [http-nio-8080-exec-33] org.apache.catalina.startup.HostConfig.deployWAR Deployment of web application archive [/home/pedrocoelho5/Desktop/Universidade/IES/IES_104247/lab2/apache-tomcat-9.0.68/webapps/my-app-1.0-SNAPSHOT.war] has finished in [11] ms
13-Oct-2022 13:53:43.176 INFO [main] org.apache.catalina.core.StandardServer.await A valid shutdown command was received via the shutdown port. Stopping the Server instance.
13-Oct-2022 13:53:43.177 INFO [main] org.apache.coyote.AbstractProtocol.pause Pausing ProtocolHandler ["http-nio-8080"]
13-Oct-2022 13:53:43.178 INFO [main] org.apache.catalina.core.StandardService.stopInternal Stopping service [Catalina]
13-Oct-2022 13:53:43.197 INFO [main] org.apache.coyote.AbstractProtocol.stop Stopping ProtocolHandler ["http-nio-8080"]
13-Oct-2022 13:53:43.203 INFO [main] org.apache.coyote.AbstractProtocol.destroy Destroying ProtocolHandler ["http-nio-8080"]
